\BOOKMARK [1][-]{section.1}{Introduction}{}% 1
\BOOKMARK [1][-]{section.2}{Related work and main contributions}{}% 2
\BOOKMARK [1][-]{section.3}{Methods}{}% 3
\BOOKMARK [2][-]{subsection.3.1}{Supervised learning from multiple annotators}{section.3}% 4
\BOOKMARK [2][-]{subsection.3.2}{Chained Gaussian Processes for multiple annotators\205\(CGPMA\)}{section.3}% 5
\BOOKMARK [2][-]{subsection.3.3}{Correlated Chained Gaussian Processes fro multiple annotators-\(CCGPMA\)}{section.3}% 6
\BOOKMARK [2][-]{subsection.3.4}{CGPMA and CCGPMA applied to classification and regression tasks}{section.3}% 7
\BOOKMARK [1][-]{section.4}{Experimental Set-up}{}% 8
\BOOKMARK [2][-]{subsection.4.1}{Datasets and simulated/provided annotations}{section.4}% 9
\BOOKMARK [3][-]{subsubsection.4.1.1}{Regression}{subsection.4.1}% 10
\BOOKMARK [3][-]{subsubsection.4.1.2}{Classification}{subsection.4.1}% 11
\BOOKMARK [2][-]{subsection.4.2}{CGPMA and CCGPMA training}{section.4}% 12
\BOOKMARK [2][-]{subsection.4.3}{Method comparison and performance metrics}{section.4}% 13
\BOOKMARK [3][-]{table.4}{Regression}{subsection.4.3}% 14
\BOOKMARK [3][-]{subsubsection.4.3.2}{Classification}{subsection.4.3}% 15
\BOOKMARK [1][-]{section.5}{Results and Discussion}{}% 16
\BOOKMARK [2][-]{subsection.5.1}{Regression}{section.5}% 17
\BOOKMARK [3][-]{subsubsection.5.1.1}{fully synthetic data}{subsection.5.1}% 18
\BOOKMARK [3][-]{table.6}{Semi-synthetic data results}{subsection.5.1}% 19
\BOOKMARK [3][-]{subsubsection.5.1.3}{fully real data}{subsection.5.1}% 20
\BOOKMARK [2][-]{subsection.5.2}{Classification}{section.5}% 21
\BOOKMARK [3][-]{subsubsection.5.2.1}{Fully synthetic data}{subsection.5.2}% 22
\BOOKMARK [3][-]{table.8}{Semi-synthetic data results}{subsection.5.2}% 23
\BOOKMARK [3][-]{subsubsection.5.2.3}{fully real data}{subsection.5.2}% 24
\BOOKMARK [1][-]{section.6}{Conclusion}{}% 25
\BOOKMARK [1][-]{section*.1}{Appendix A: Proof of the First Zonklar Equation}{}% 26
\BOOKMARK [1][-]{IEEEbiography.0}{Biographies}{}% 27
\BOOKMARK [2][-]{IEEEbiography.1}{Michael Shell}{IEEEbiography.0}% 28
\BOOKMARK [2][-]{IEEEbiography.2}{John Doe}{IEEEbiography.0}% 29
\BOOKMARK [2][-]{IEEEbiography.3}{Jane Doe}{IEEEbiography.0}% 30
